0 verbose cli [
0 verbose cli   'C:\\Program Files\\nodejs\\node.exe',
0 verbose cli   'C:\\Program Files\\nodejs\\node_modules\\npm\\bin\\npm-cli.js',
0 verbose cli   'install'
0 verbose cli ]
1 info using npm@8.5.5
2 info using node@v16.15.0
3 timing npm:load:whichnode Completed in 0ms
4 timing config:load:defaults Completed in 3ms
5 timing config:load:file:C:\Program Files\nodejs\node_modules\npm\npmrc Completed in 3ms
6 timing config:load:builtin Completed in 3ms
7 timing config:load:cli Completed in 2ms
8 timing config:load:env Completed in 0ms
9 timing config:load:file:C:\Users\jpsti\Desktop\Work\Projects\offline-platform\.npmrc Completed in 1ms
10 timing config:load:project Completed in 7ms
11 timing config:load:file:C:\Users\jpsti\.npmrc Completed in 0ms
12 timing config:load:user Completed in 0ms
13 timing config:load:file:C:\Users\jpsti\AppData\Roaming\npm\etc\npmrc Completed in 0ms
14 timing config:load:global Completed in 1ms
15 timing config:load:validate Completed in 0ms
16 timing config:load:credentials Completed in 1ms
17 timing config:load:setEnvs Completed in 1ms
18 timing config:load Completed in 19ms
19 timing npm:load:configload Completed in 19ms
20 timing npm:load:setTitle Completed in 0ms
21 timing config:load:flatten Completed in 3ms
22 timing npm:load:display Completed in 4ms
23 verbose logfile C:\Users\jpsti\Desktop\Work\Projects\offline-platform\node_cache\_logs\2022-05-20T17_32_13_781Z-debug-0.log
24 timing npm:load:logFile Completed in 9ms
25 timing npm:load:timers Completed in 0ms
26 timing npm:load:configScope Completed in 0ms
27 timing npm:load Completed in 34ms
28 timing arborist:ctor Completed in 1ms
29 timing arborist:ctor Completed in 0ms
30 timing idealTree:init Completed in 15ms
31 timing idealTree:userRequests Completed in 0ms
32 silly idealTree buildDeps
33 silly fetch manifest @angular-devkit/core@^13.3.0
34 http fetch GET 200 https://registry.npmjs.org/@angular-devkit%2fcore 482ms (cache miss)
35 silly fetch manifest chokidar@^3.5.2
36 http fetch GET 200 https://registry.npmjs.org/npm 543ms (cache miss)
37 http fetch GET 200 https://registry.npmjs.org/chokidar 78ms (cache miss)
38 silly fetch manifest @angular-devkit/schematics@^13.3.0
39 http fetch GET 200 https://registry.npmjs.org/@angular-devkit%2fschematics 159ms (cache miss)
40 silly fetch manifest @schematics/angular@^13.3.0
41 http fetch GET 200 https://registry.npmjs.org/@schematics%2fangular 198ms (cache miss)
42 silly fetch manifest typescript@^4.6.2
43 http fetch GET 200 https://registry.npmjs.org/typescript 408ms (cache miss)
44 silly fetch manifest @types/node@^17.0.21
45 http fetch GET 200 https://registry.npmjs.org/@types%2fnode 196ms (cache miss)
46 silly fetch manifest jsonc-parser@^3.0.0
47 http fetch GET 200 https://registry.npmjs.org/jsonc-parser 90ms (cache miss)
48 silly placeDep ROOT @angular-devkit/core@13.3.6 OK for: platform@0.0.0 want: ^13.3.0
49 silly placeDep ROOT @angular-devkit/schematics@13.3.6 OK for: platform@0.0.0 want: ^13.3.0
50 silly placeDep ROOT @schematics/angular@13.3.6 OK for: platform@0.0.0 want: ^13.3.0
51 silly placeDep ROOT @types/node@17.0.35 OK for: platform@0.0.0 want: ^17.0.21
52 silly placeDep ROOT jsonc-parser@3.0.0 OK for: platform@0.0.0 want: ^3.0.0
53 silly placeDep ROOT typescript@4.6.4 OK for: platform@0.0.0 want: ^4.6.2
54 silly fetch manifest ajv-formats@2.1.1
55 silly fetch manifest ajv@8.9.0
56 silly fetch manifest fast-json-stable-stringify@2.1.0
57 silly fetch manifest magic-string@0.25.7
58 silly fetch manifest rxjs@6.6.7
59 silly fetch manifest source-map@0.7.3
60 silly fetch manifest ora@5.4.1
61 http fetch GET 200 https://registry.npmjs.org/ajv-formats 86ms (cache miss)
62 http fetch GET 200 https://registry.npmjs.org/ajv 138ms (cache miss)
63 http fetch GET 200 https://registry.npmjs.org/fast-json-stable-stringify 180ms (cache miss)
64 http fetch GET 200 https://registry.npmjs.org/magic-string 209ms (cache miss)
65 http fetch GET 200 https://registry.npmjs.org/source-map 210ms (cache miss)
66 http fetch GET 200 https://registry.npmjs.org/rxjs 239ms (cache miss)
67 http fetch GET 200 https://registry.npmjs.org/ora 260ms (cache miss)
68 timing idealTree:#root Completed in 1967ms
69 silly placeDep ROOT ajv@8.9.0 OK for: @angular-devkit/core@13.3.6 want: 8.9.0
70 silly placeDep ROOT ajv-formats@2.1.1 OK for: @angular-devkit/core@13.3.6 want: 2.1.1
71 silly placeDep ROOT fast-json-stable-stringify@2.1.0 OK for: @angular-devkit/core@13.3.6 want: 2.1.0
72 silly placeDep ROOT magic-string@0.25.7 OK for: @angular-devkit/core@13.3.6 want: 0.25.7
73 silly placeDep ROOT rxjs@6.6.7 OK for: @angular-devkit/core@13.3.6 want: 6.6.7
74 silly placeDep ROOT source-map@0.7.3 OK for: @angular-devkit/core@13.3.6 want: 0.7.3
75 silly fetch manifest fast-deep-equal@^3.1.1
76 silly fetch manifest json-schema-traverse@^1.0.0
77 silly fetch manifest require-from-string@^2.0.2
78 silly fetch manifest uri-js@^4.2.2
79 silly fetch manifest sourcemap-codec@^1.4.4
80 silly fetch manifest tslib@^1.9.0
81 http fetch GET 200 https://registry.npmjs.org/fast-deep-equal 93ms (cache miss)
82 http fetch GET 200 https://registry.npmjs.org/json-schema-traverse 112ms (cache miss)
83 http fetch GET 200 https://registry.npmjs.org/require-from-string 114ms (cache miss)
84 http fetch GET 200 https://registry.npmjs.org/uri-js 113ms (cache miss)
85 http fetch GET 200 https://registry.npmjs.org/sourcemap-codec 113ms (cache miss)
86 http fetch GET 200 https://registry.npmjs.org/tslib 114ms (cache miss)
87 timing idealTree:node_modules/@angular-devkit/core Completed in 144ms
88 silly placeDep ROOT ora@5.4.1 OK for: @angular-devkit/schematics@13.3.6 want: 5.4.1
89 silly fetch manifest bl@^4.1.0
90 silly fetch manifest chalk@^4.1.0
91 silly fetch manifest cli-cursor@^3.1.0
92 silly fetch manifest cli-spinners@^2.5.0
93 silly fetch manifest is-interactive@^1.0.0
94 silly fetch manifest is-unicode-supported@^0.1.0
95 silly fetch manifest log-symbols@^4.1.0
96 silly fetch manifest strip-ansi@^6.0.0
97 silly fetch manifest wcwidth@^1.0.1
98 http fetch GET 200 https://registry.npmjs.org/cli-cursor 148ms (cache miss)
99 http fetch GET 200 https://registry.npmjs.org/is-interactive 148ms (cache miss)
100 http fetch GET 200 https://registry.npmjs.org/cli-spinners 149ms (cache miss)
101 http fetch GET 200 https://registry.npmjs.org/chalk 151ms (cache miss)
102 http fetch GET 200 https://registry.npmjs.org/bl 158ms (cache miss)
103 http fetch GET 200 https://registry.npmjs.org/is-unicode-supported 155ms (cache miss)
104 http fetch GET 200 https://registry.npmjs.org/log-symbols 158ms (cache miss)
105 http fetch GET 200 https://registry.npmjs.org/wcwidth 199ms (cache miss)
106 http fetch GET 200 https://registry.npmjs.org/strip-ansi 224ms (cache miss)
107 timing idealTree:node_modules/@angular-devkit/schematics Completed in 233ms
108 timing idealTree:node_modules/@schematics/angular Completed in 0ms
109 timing idealTree:node_modules/@types/node Completed in 0ms
110 silly placeDep ROOT fast-deep-equal@3.1.3 OK for: ajv@8.9.0 want: ^3.1.1
111 silly placeDep ROOT json-schema-traverse@1.0.0 OK for: ajv@8.9.0 want: ^1.0.0
112 silly placeDep ROOT require-from-string@2.0.2 OK for: ajv@8.9.0 want: ^2.0.2
113 silly placeDep ROOT uri-js@4.4.1 OK for: ajv@8.9.0 want: ^4.2.2
114 silly fetch manifest punycode@^2.1.0
115 http fetch GET 200 https://registry.npmjs.org/punycode 74ms (cache miss)
116 timing idealTree:node_modules/ajv Completed in 80ms
117 timing idealTree:node_modules/ajv-formats Completed in 0ms
118 timing idealTree:node_modules/fast-deep-equal Completed in 0ms
119 timing idealTree:node_modules/fast-json-stable-stringify Completed in 0ms
120 timing idealTree:node_modules/json-schema-traverse Completed in 0ms
121 timing idealTree:node_modules/jsonc-parser Completed in 0ms
122 silly placeDep ROOT sourcemap-codec@1.4.8 OK for: magic-string@0.25.7 want: ^1.4.4
123 timing idealTree:node_modules/magic-string Completed in 2ms
124 silly placeDep ROOT bl@4.1.0 OK for: ora@5.4.1 want: ^4.1.0
125 silly placeDep ROOT chalk@4.1.2 OK for: ora@5.4.1 want: ^4.1.0
126 silly placeDep ROOT cli-cursor@3.1.0 OK for: ora@5.4.1 want: ^3.1.0
127 silly placeDep ROOT cli-spinners@2.6.1 OK for: ora@5.4.1 want: ^2.5.0
128 silly placeDep ROOT is-interactive@1.0.0 OK for: ora@5.4.1 want: ^1.0.0
129 silly placeDep ROOT is-unicode-supported@0.1.0 OK for: ora@5.4.1 want: ^0.1.0
130 silly placeDep ROOT log-symbols@4.1.0 OK for: ora@5.4.1 want: ^4.1.0
131 silly placeDep ROOT strip-ansi@6.0.1 OK for: ora@5.4.1 want: ^6.0.0
132 silly placeDep ROOT wcwidth@1.0.1 OK for: ora@5.4.1 want: ^1.0.1
133 silly fetch manifest buffer@^5.5.0
134 silly fetch manifest inherits@^2.0.4
135 silly fetch manifest readable-stream@^3.4.0
136 silly fetch manifest ansi-styles@^4.1.0
137 silly fetch manifest supports-color@^7.1.0
138 silly fetch manifest restore-cursor@^3.1.0
139 silly fetch manifest ansi-regex@^5.0.1
140 silly fetch manifest defaults@^1.0.3
141 http fetch GET 200 https://registry.npmjs.org/restore-cursor 113ms (cache miss)
142 http fetch GET 200 https://registry.npmjs.org/buffer 117ms (cache miss)
143 http fetch GET 200 https://registry.npmjs.org/inherits 120ms (cache miss)
144 http fetch GET 200 https://registry.npmjs.org/ansi-regex 116ms (cache miss)
145 http fetch GET 200 https://registry.npmjs.org/readable-stream 121ms (cache miss)
146 http fetch GET 200 https://registry.npmjs.org/defaults 120ms (cache miss)
147 http fetch GET 200 https://registry.npmjs.org/ansi-styles 125ms (cache miss)
148 http fetch GET 200 https://registry.npmjs.org/supports-color 128ms (cache miss)
149 timing idealTree:node_modules/ora Completed in 141ms
150 silly placeDep ROOT buffer@5.7.1 OK for: bl@4.1.0 want: ^5.5.0
151 silly placeDep ROOT inherits@2.0.4 OK for: bl@4.1.0 want: ^2.0.4
152 silly placeDep ROOT readable-stream@3.6.0 OK for: bl@4.1.0 want: ^3.4.0
153 silly fetch manifest base64-js@^1.3.1
154 silly fetch manifest ieee754@^1.1.13
155 silly fetch manifest string_decoder@^1.1.1
156 silly fetch manifest util-deprecate@^1.0.1
157 http fetch GET 200 https://registry.npmjs.org/string_decoder 69ms (cache miss)
158 http fetch GET 200 https://registry.npmjs.org/ieee754 73ms (cache miss)
159 http fetch GET 200 https://registry.npmjs.org/base64-js 80ms (cache miss)
160 http fetch GET 200 https://registry.npmjs.org/util-deprecate 119ms (cache miss)
161 timing idealTree:node_modules/bl Completed in 127ms
162 silly placeDep ROOT base64-js@1.5.1 OK for: buffer@5.7.1 want: ^1.3.1
163 silly placeDep ROOT ieee754@1.2.1 OK for: buffer@5.7.1 want: ^1.1.13
164 timing idealTree:node_modules/buffer Completed in 2ms
165 timing idealTree:node_modules/base64-js Completed in 0ms
166 silly placeDep ROOT ansi-styles@4.3.0 OK for: chalk@4.1.2 want: ^4.1.0
167 silly placeDep ROOT supports-color@7.2.0 OK for: chalk@4.1.2 want: ^7.1.0
168 silly fetch manifest color-convert@^2.0.1
169 silly fetch manifest has-flag@^4.0.0
170 http fetch GET 200 https://registry.npmjs.org/has-flag 83ms (cache miss)
171 http fetch GET 200 https://registry.npmjs.org/color-convert 85ms (cache miss)
172 timing idealTree:node_modules/chalk Completed in 90ms
173 silly placeDep ROOT color-convert@2.0.1 OK for: ansi-styles@4.3.0 want: ^2.0.1
174 silly fetch manifest color-name@~1.1.4
175 http fetch GET 200 https://registry.npmjs.org/color-name 75ms (cache miss)
176 timing idealTree:node_modules/ansi-styles Completed in 77ms
177 silly placeDep ROOT restore-cursor@3.1.0 OK for: cli-cursor@3.1.0 want: ^3.1.0
178 silly fetch manifest onetime@^5.1.0
179 silly fetch manifest signal-exit@^3.0.2
180 http fetch GET 200 https://registry.npmjs.org/onetime 81ms (cache miss)
181 http fetch GET 200 https://registry.npmjs.org/signal-exit 100ms (cache miss)
182 timing idealTree:node_modules/cli-cursor Completed in 102ms
183 timing idealTree:node_modules/cli-spinners Completed in 0ms
184 silly placeDep ROOT color-name@1.1.4 OK for: color-convert@2.0.1 want: ~1.1.4
185 timing idealTree:node_modules/color-convert Completed in 1ms
186 timing idealTree:node_modules/color-name Completed in 0ms
187 timing idealTree:node_modules/ieee754 Completed in 0ms
188 timing idealTree:node_modules/inherits Completed in 0ms
189 timing idealTree:node_modules/is-interactive Completed in 0ms
190 timing idealTree:node_modules/is-unicode-supported Completed in 0ms
191 timing idealTree:node_modules/log-symbols Completed in 0ms
192 silly placeDep ROOT string_decoder@1.3.0 OK for: readable-stream@3.6.0 want: ^1.1.1
193 silly placeDep ROOT util-deprecate@1.0.2 OK for: readable-stream@3.6.0 want: ^1.0.1
194 silly fetch manifest safe-buffer@~5.2.0
195 http fetch GET 200 https://registry.npmjs.org/safe-buffer 86ms (cache miss)
196 timing idealTree:node_modules/readable-stream Completed in 89ms
197 timing idealTree:node_modules/require-from-string Completed in 0ms
198 silly placeDep ROOT onetime@5.1.2 OK for: restore-cursor@3.1.0 want: ^5.1.0
199 silly placeDep ROOT signal-exit@3.0.7 OK for: restore-cursor@3.1.0 want: ^3.0.2
200 silly fetch manifest mimic-fn@^2.1.0
201 http fetch GET 200 https://registry.npmjs.org/mimic-fn 89ms (cache miss)
202 timing idealTree:node_modules/restore-cursor Completed in 93ms
203 silly placeDep ROOT mimic-fn@2.1.0 OK for: onetime@5.1.2 want: ^2.1.0
204 timing idealTree:node_modules/onetime Completed in 1ms
205 timing idealTree:node_modules/mimic-fn Completed in 0ms
206 silly placeDep ROOT tslib@1.14.1 OK for: rxjs@6.6.7 want: ^1.9.0
207 timing idealTree:node_modules/rxjs Completed in 1ms
208 timing idealTree:node_modules/signal-exit Completed in 0ms
209 timing idealTree:node_modules/source-map Completed in 0ms
210 timing idealTree:node_modules/sourcemap-codec Completed in 0ms
211 silly placeDep ROOT safe-buffer@5.2.1 OK for: string_decoder@1.3.0 want: ~5.2.0
212 timing idealTree:node_modules/string_decoder Completed in 1ms
213 timing idealTree:node_modules/safe-buffer Completed in 0ms
214 silly placeDep ROOT ansi-regex@5.0.1 OK for: strip-ansi@6.0.1 want: ^5.0.1
215 timing idealTree:node_modules/strip-ansi Completed in 2ms
216 timing idealTree:node_modules/ansi-regex Completed in 0ms
217 silly placeDep ROOT has-flag@4.0.0 OK for: supports-color@7.2.0 want: ^4.0.0
218 timing idealTree:node_modules/supports-color Completed in 1ms
219 timing idealTree:node_modules/has-flag Completed in 0ms
220 timing idealTree:node_modules/tslib Completed in 0ms
221 timing idealTree:node_modules/typescript Completed in 0ms
222 silly placeDep ROOT punycode@2.1.1 OK for: uri-js@4.4.1 want: ^2.1.0
223 timing idealTree:node_modules/uri-js Completed in 2ms
224 timing idealTree:node_modules/punycode Completed in 0ms
225 timing idealTree:node_modules/util-deprecate Completed in 0ms
226 silly placeDep ROOT defaults@1.0.3 OK for: wcwidth@1.0.1 want: ^1.0.3
227 silly fetch manifest clone@^1.0.2
228 http fetch GET 200 https://registry.npmjs.org/clone 87ms (cache miss)
229 timing idealTree:node_modules/wcwidth Completed in 93ms
230 silly placeDep ROOT clone@1.0.4 OK for: defaults@1.0.3 want: ^1.0.2
231 timing idealTree:node_modules/defaults Completed in 1ms
232 timing idealTree:node_modules/clone Completed in 0ms
233 timing idealTree:buildDeps Completed in 3255ms
234 timing idealTree:fixDepFlags Completed in 1ms
235 timing idealTree Completed in 3273ms
236 timing reify:loadTrees Completed in 3274ms
237 timing reify:diffTrees Completed in 4ms
238 silly reify moves {}
239 timing reify:retireShallow Completed in 0ms
240 timing reify:createSparse Completed in 26ms
241 timing reify:loadBundles Completed in 0ms
242 silly audit bulk request {
242 silly audit   '@angular-devkit/core': [ '13.3.6' ],
242 silly audit   '@angular-devkit/schematics': [ '13.3.6' ],
242 silly audit   '@schematics/angular': [ '13.3.6' ],
242 silly audit   '@types/node': [ '17.0.35' ],
242 silly audit   'jsonc-parser': [ '3.0.0' ],
242 silly audit   typescript: [ '4.6.4' ],
242 silly audit   ajv: [ '8.9.0' ],
242 silly audit   'ajv-formats': [ '2.1.1' ],
242 silly audit   'fast-json-stable-stringify': [ '2.1.0' ],
242 silly audit   'magic-string': [ '0.25.7' ],
242 silly audit   rxjs: [ '6.6.7' ],
242 silly audit   'source-map': [ '0.7.3' ],
242 silly audit   ora: [ '5.4.1' ],
242 silly audit   'fast-deep-equal': [ '3.1.3' ],
242 silly audit   'json-schema-traverse': [ '1.0.0' ],
242 silly audit   'require-from-string': [ '2.0.2' ],
242 silly audit   'uri-js': [ '4.4.1' ],
242 silly audit   'sourcemap-codec': [ '1.4.8' ],
242 silly audit   bl: [ '4.1.0' ],
242 silly audit   chalk: [ '4.1.2' ],
242 silly audit   'cli-cursor': [ '3.1.0' ],
242 silly audit   'cli-spinners': [ '2.6.1' ],
242 silly audit   'is-interactive': [ '1.0.0' ],
242 silly audit   'is-unicode-supported': [ '0.1.0' ],
242 silly audit   'log-symbols': [ '4.1.0' ],
242 silly audit   'strip-ansi': [ '6.0.1' ],
242 silly audit   wcwidth: [ '1.0.1' ],
242 silly audit   buffer: [ '5.7.1' ],
242 silly audit   inherits: [ '2.0.4' ],
242 silly audit   'readable-stream': [ '3.6.0' ],
242 silly audit   'base64-js': [ '1.5.1' ],
242 silly audit   ieee754: [ '1.2.1' ],
242 silly audit   'ansi-styles': [ '4.3.0' ],
242 silly audit   'supports-color': [ '7.2.0' ],
242 silly audit   'color-convert': [ '2.0.1' ],
242 silly audit   'restore-cursor': [ '3.1.0' ],
242 silly audit   'color-name': [ '1.1.4' ],
242 silly audit   string_decoder: [ '1.3.0' ],
242 silly audit   'util-deprecate': [ '1.0.2' ],
242 silly audit   onetime: [ '5.1.2' ],
242 silly audit   'signal-exit': [ '3.0.7' ],
242 silly audit   'mimic-fn': [ '2.1.0' ],
242 silly audit   tslib: [ '1.14.1' ],
242 silly audit   'safe-buffer': [ '5.2.1' ],
242 silly audit   'ansi-regex': [ '5.0.1' ],
242 silly audit   'has-flag': [ '4.0.0' ],
242 silly audit   punycode: [ '2.1.1' ],
242 silly audit   defaults: [ '1.0.3' ],
242 silly audit   clone: [ '1.0.4' ]
242 silly audit }
243 silly tarball no local data for clone@https://registry.npmjs.org/clone/-/clone-1.0.4.tgz. Extracting by manifest.
244 silly tarball no local data for punycode@https://registry.npmjs.org/punycode/-/punycode-2.1.1.tgz. Extracting by manifest.
245 silly tarball no local data for defaults@https://registry.npmjs.org/defaults/-/defaults-1.0.3.tgz. Extracting by manifest.
246 silly tarball no local data for ansi-regex@https://registry.npmjs.org/ansi-regex/-/ansi-regex-5.0.1.tgz. Extracting by manifest.
247 silly tarball no local data for safe-buffer@https://registry.npmjs.org/safe-buffer/-/safe-buffer-5.2.1.tgz. Extracting by manifest.
248 silly tarball no local data for has-flag@https://registry.npmjs.org/has-flag/-/has-flag-4.0.0.tgz. Extracting by manifest.
249 silly tarball no local data for mimic-fn@https://registry.npmjs.org/mimic-fn/-/mimic-fn-2.1.0.tgz. Extracting by manifest.
250 silly tarball no local data for signal-exit@https://registry.npmjs.org/signal-exit/-/signal-exit-3.0.7.tgz. Extracting by manifest.
251 silly tarball no local data for tslib@https://registry.npmjs.org/tslib/-/tslib-1.14.1.tgz. Extracting by manifest.
252 silly tarball no local data for onetime@https://registry.npmjs.org/onetime/-/onetime-5.1.2.tgz. Extracting by manifest.
253 silly tarball no local data for string_decoder@https://registry.npmjs.org/string_decoder/-/string_decoder-1.3.0.tgz. Extracting by manifest.
254 silly tarball no local data for util-deprecate@https://registry.npmjs.org/util-deprecate/-/util-deprecate-1.0.2.tgz. Extracting by manifest.
255 silly tarball no local data for ansi-styles@https://registry.npmjs.org/ansi-styles/-/ansi-styles-4.3.0.tgz. Extracting by manifest.
256 silly tarball no local data for color-name@https://registry.npmjs.org/color-name/-/color-name-1.1.4.tgz. Extracting by manifest.
257 silly tarball no local data for restore-cursor@https://registry.npmjs.org/restore-cursor/-/restore-cursor-3.1.0.tgz. Extracting by manifest.
258 silly tarball no local data for supports-color@https://registry.npmjs.org/supports-color/-/supports-color-7.2.0.tgz. Extracting by manifest.
259 silly tarball no local data for color-convert@https://registry.npmjs.org/color-convert/-/color-convert-2.0.1.tgz. Extracting by manifest.
260 silly tarball no local data for base64-js@https://registry.npmjs.org/base64-js/-/base64-js-1.5.1.tgz. Extracting by manifest.
261 silly tarball no local data for ieee754@https://registry.npmjs.org/ieee754/-/ieee754-1.2.1.tgz. Extracting by manifest.
262 silly tarball no local data for inherits@https://registry.npmjs.org/inherits/-/inherits-2.0.4.tgz. Extracting by manifest.
263 silly tarball no local data for readable-stream@https://registry.npmjs.org/readable-stream/-/readable-stream-3.6.0.tgz. Extracting by manifest.
264 silly tarball no local data for buffer@https://registry.npmjs.org/buffer/-/buffer-5.7.1.tgz. Extracting by manifest.
265 silly tarball no local data for wcwidth@https://registry.npmjs.org/wcwidth/-/wcwidth-1.0.1.tgz. Extracting by manifest.
266 silly tarball no local data for strip-ansi@https://registry.npmjs.org/strip-ansi/-/strip-ansi-6.0.1.tgz. Extracting by manifest.
267 silly tarball no local data for log-symbols@https://registry.npmjs.org/log-symbols/-/log-symbols-4.1.0.tgz. Extracting by manifest.
268 silly tarball no local data for cli-spinners@https://registry.npmjs.org/cli-spinners/-/cli-spinners-2.6.1.tgz. Extracting by manifest.
269 silly tarball no local data for is-interactive@https://registry.npmjs.org/is-interactive/-/is-interactive-1.0.0.tgz. Extracting by manifest.
270 silly tarball no local data for is-unicode-supported@https://registry.npmjs.org/is-unicode-supported/-/is-unicode-supported-0.1.0.tgz. Extracting by manifest.
271 silly tarball no local data for cli-cursor@https://registry.npmjs.org/cli-cursor/-/cli-cursor-3.1.0.tgz. Extracting by manifest.
272 silly tarball no local data for chalk@https://registry.npmjs.org/chalk/-/chalk-4.1.2.tgz. Extracting by manifest.
273 silly tarball no local data for uri-js@https://registry.npmjs.org/uri-js/-/uri-js-4.4.1.tgz. Extracting by manifest.
274 silly tarball no local data for bl@https://registry.npmjs.org/bl/-/bl-4.1.0.tgz. Extracting by manifest.
275 silly tarball no local data for sourcemap-codec@https://registry.npmjs.org/sourcemap-codec/-/sourcemap-codec-1.4.8.tgz. Extracting by manifest.
276 silly tarball no local data for ora@https://registry.npmjs.org/ora/-/ora-5.4.1.tgz. Extracting by manifest.
277 silly tarball no local data for json-schema-traverse@https://registry.npmjs.org/json-schema-traverse/-/json-schema-traverse-1.0.0.tgz. Extracting by manifest.
278 silly tarball no local data for require-from-string@https://registry.npmjs.org/require-from-string/-/require-from-string-2.0.2.tgz. Extracting by manifest.
279 silly tarball no local data for source-map@https://registry.npmjs.org/source-map/-/source-map-0.7.3.tgz. Extracting by manifest.
280 silly tarball no local data for magic-string@https://registry.npmjs.org/magic-string/-/magic-string-0.25.7.tgz. Extracting by manifest.
281 silly tarball no local data for rxjs@https://registry.npmjs.org/rxjs/-/rxjs-6.6.7.tgz. Extracting by manifest.
282 silly tarball no local data for fast-json-stable-stringify@https://registry.npmjs.org/fast-json-stable-stringify/-/fast-json-stable-stringify-2.1.0.tgz. Extracting by manifest.
283 silly tarball no local data for fast-deep-equal@https://registry.npmjs.org/fast-deep-equal/-/fast-deep-equal-3.1.3.tgz. Extracting by manifest.
284 silly tarball no local data for ajv-formats@https://registry.npmjs.org/ajv-formats/-/ajv-formats-2.1.1.tgz. Extracting by manifest.
285 silly tarball no local data for typescript@https://registry.npmjs.org/typescript/-/typescript-4.6.4.tgz. Extracting by manifest.
286 silly tarball no local data for ajv@https://registry.npmjs.org/ajv/-/ajv-8.9.0.tgz. Extracting by manifest.
287 silly tarball no local data for @types/node@https://registry.npmjs.org/@types/node/-/node-17.0.35.tgz. Extracting by manifest.
288 silly tarball no local data for jsonc-parser@https://registry.npmjs.org/jsonc-parser/-/jsonc-parser-3.0.0.tgz. Extracting by manifest.
289 silly tarball no local data for @schematics/angular@https://registry.npmjs.org/@schematics/angular/-/angular-13.3.6.tgz. Extracting by manifest.
290 silly tarball no local data for @angular-devkit/schematics@https://registry.npmjs.org/@angular-devkit/schematics/-/schematics-13.3.6.tgz. Extracting by manifest.
291 silly tarball no local data for @angular-devkit/core@https://registry.npmjs.org/@angular-devkit/core/-/core-13.3.6.tgz. Extracting by manifest.
292 http fetch POST 200 https://registry.npmjs.org/-/npm/v1/security/advisories/bulk 292ms
293 timing auditReport:getReport Completed in 296ms
294 silly audit report {}
295 timing auditReport:init Completed in 0ms
296 timing reify:audit Completed in 296ms
297 http fetch GET 200 https://registry.npmjs.org/strip-ansi/-/strip-ansi-6.0.1.tgz 800ms (cache miss)
298 http fetch GET 200 https://registry.npmjs.org/has-flag/-/has-flag-4.0.0.tgz 915ms (cache miss)
299 timing reifyNode:node_modules/has-flag Completed in 975ms
300 http fetch GET 200 https://registry.npmjs.org/signal-exit/-/signal-exit-3.0.7.tgz 913ms (cache miss)
301 timing reifyNode:node_modules/signal-exit Completed in 978ms
302 http fetch GET 200 https://registry.npmjs.org/mimic-fn/-/mimic-fn-2.1.0.tgz 920ms (cache miss)
303 http fetch GET 200 https://registry.npmjs.org/is-unicode-supported/-/is-unicode-supported-0.1.0.tgz 817ms (cache miss)
304 timing reifyNode:node_modules/mimic-fn Completed in 988ms
305 http fetch GET 200 https://registry.npmjs.org/is-interactive/-/is-interactive-1.0.0.tgz 840ms (cache miss)
306 http fetch GET 200 https://registry.npmjs.org/defaults/-/defaults-1.0.3.tgz 970ms (cache miss)
307 timing reifyNode:node_modules/defaults Completed in 1014ms
308 timing reifyNode:node_modules/strip-ansi Completed in 1014ms
309 timing reifyNode:node_modules/is-interactive Completed in 1014ms
310 http fetch GET 200 https://registry.npmjs.org/restore-cursor/-/restore-cursor-3.1.0.tgz 926ms (cache miss)
311 timing reifyNode:node_modules/restore-cursor Completed in 1026ms
312 http fetch GET 200 https://registry.npmjs.org/supports-color/-/supports-color-7.2.0.tgz 932ms (cache miss)
313 timing reifyNode:node_modules/supports-color Completed in 1035ms
314 http fetch GET 200 https://registry.npmjs.org/inherits/-/inherits-2.0.4.tgz 912ms (cache miss)
315 timing reifyNode:node_modules/inherits Completed in 1039ms
316 timing reifyNode:node_modules/is-unicode-supported Completed in 1043ms
317 http fetch GET 200 https://registry.npmjs.org/ieee754/-/ieee754-1.2.1.tgz 928ms (cache miss)
318 timing reifyNode:node_modules/ieee754 Completed in 1050ms
319 http fetch GET 200 https://registry.npmjs.org/fast-json-stable-stringify/-/fast-json-stable-stringify-2.1.0.tgz 844ms (cache miss)
320 http fetch GET 200 https://registry.npmjs.org/cli-cursor/-/cli-cursor-3.1.0.tgz 905ms (cache miss)
321 timing reifyNode:node_modules/cli-cursor Completed in 1076ms
322 http fetch GET 200 https://registry.npmjs.org/chalk/-/chalk-4.1.2.tgz 912ms (cache miss)
323 http fetch GET 200 https://registry.npmjs.org/cli-spinners/-/cli-spinners-2.6.1.tgz 937ms (cache miss)
324 http fetch GET 200 https://registry.npmjs.org/ansi-regex/-/ansi-regex-5.0.1.tgz 1061ms (cache miss)
325 timing reifyNode:node_modules/ansi-regex Completed in 1113ms
326 timing reifyNode:node_modules/cli-spinners Completed in 1119ms
327 http fetch GET 200 https://registry.npmjs.org/color-name/-/color-name-1.1.4.tgz 1077ms (cache miss)
328 timing reifyNode:node_modules/color-name Completed in 1172ms
329 timing reifyNode:node_modules/chalk Completed in 1175ms
330 http fetch GET 200 https://registry.npmjs.org/string_decoder/-/string_decoder-1.3.0.tgz 1110ms (cache miss)
331 timing reifyNode:node_modules/string_decoder Completed in 1190ms
332 http fetch GET 200 https://registry.npmjs.org/base64-js/-/base64-js-1.5.1.tgz 1105ms (cache miss)
333 timing reifyNode:node_modules/base64-js Completed in 1217ms
334 http fetch GET 200 https://registry.npmjs.org/safe-buffer/-/safe-buffer-5.2.1.tgz 1171ms (cache miss)
335 timing reifyNode:node_modules/safe-buffer Completed in 1225ms
336 http fetch GET 200 https://registry.npmjs.org/punycode/-/punycode-2.1.1.tgz 1197ms (cache miss)
337 timing reifyNode:node_modules/punycode Completed in 1236ms
338 http fetch GET 200 https://registry.npmjs.org/onetime/-/onetime-5.1.2.tgz 1168ms (cache miss)
339 timing reifyNode:node_modules/onetime Completed in 1245ms
340 http fetch GET 200 https://registry.npmjs.org/require-from-string/-/require-from-string-2.0.2.tgz 1052ms (cache miss)
341 timing reifyNode:node_modules/require-from-string Completed in 1253ms
342 http fetch GET 200 https://registry.npmjs.org/log-symbols/-/log-symbols-4.1.0.tgz 1107ms (cache miss)
343 timing reifyNode:node_modules/log-symbols Completed in 1266ms
344 http fetch GET 200 https://registry.npmjs.org/color-convert/-/color-convert-2.0.1.tgz 1164ms (cache miss)
345 timing reifyNode:node_modules/color-convert Completed in 1271ms
346 http fetch GET 200 https://registry.npmjs.org/ansi-styles/-/ansi-styles-4.3.0.tgz 1199ms (cache miss)
347 timing reifyNode:node_modules/ansi-styles Completed in 1284ms
348 http fetch GET 200 https://registry.npmjs.org/ora/-/ora-5.4.1.tgz 1094ms (cache miss)
349 timing reifyNode:node_modules/ora Completed in 1288ms
350 http fetch GET 200 https://registry.npmjs.org/clone/-/clone-1.0.4.tgz 1266ms (cache miss)
351 timing reifyNode:node_modules/clone Completed in 1299ms
352 http fetch GET 200 https://registry.npmjs.org/util-deprecate/-/util-deprecate-1.0.2.tgz 1225ms (cache miss)
353 timing reifyNode:node_modules/util-deprecate Completed in 1309ms
354 http fetch GET 200 https://registry.npmjs.org/fast-deep-equal/-/fast-deep-equal-3.1.3.tgz 1102ms (cache miss)
355 timing reifyNode:node_modules/fast-deep-equal Completed in 1321ms
356 http fetch GET 200 https://registry.npmjs.org/wcwidth/-/wcwidth-1.0.1.tgz 1186ms (cache miss)
357 timing reifyNode:node_modules/wcwidth Completed in 1331ms
358 http fetch GET 200 https://registry.npmjs.org/buffer/-/buffer-5.7.1.tgz 1206ms (cache miss)
359 timing reifyNode:node_modules/buffer Completed in 1339ms
360 http fetch GET 200 https://registry.npmjs.org/json-schema-traverse/-/json-schema-traverse-1.0.0.tgz 1156ms (cache miss)
361 timing reifyNode:node_modules/json-schema-traverse Completed in 1357ms
362 http fetch GET 200 https://registry.npmjs.org/sourcemap-codec/-/sourcemap-codec-1.4.8.tgz 1179ms (cache miss)
363 timing reifyNode:node_modules/sourcemap-codec Completed in 1366ms
364 http fetch GET 200 https://registry.npmjs.org/bl/-/bl-4.1.0.tgz 1193ms (cache miss)
365 timing reifyNode:node_modules/bl Completed in 1378ms
366 http fetch GET 200 https://registry.npmjs.org/tslib/-/tslib-1.14.1.tgz 1336ms (cache miss)
367 timing reifyNode:node_modules/tslib Completed in 1404ms
368 timing reifyNode:node_modules/fast-json-stable-stringify Completed in 1412ms
369 http fetch GET 200 https://registry.npmjs.org/magic-string/-/magic-string-0.25.7.tgz 1240ms (cache miss)
370 timing reifyNode:node_modules/magic-string Completed in 1446ms
371 http fetch GET 200 https://registry.npmjs.org/ajv-formats/-/ajv-formats-2.1.1.tgz 1236ms (cache miss)
372 timing reifyNode:node_modules/ajv-formats Completed in 1458ms
373 http fetch GET 200 https://registry.npmjs.org/source-map/-/source-map-0.7.3.tgz 1315ms (cache miss)
374 timing reifyNode:node_modules/source-map Completed in 1526ms
375 http fetch GET 200 https://registry.npmjs.org/jsonc-parser/-/jsonc-parser-3.0.0.tgz 1298ms (cache miss)
376 timing reifyNode:node_modules/jsonc-parser Completed in 1536ms
377 http fetch GET 200 https://registry.npmjs.org/readable-stream/-/readable-stream-3.6.0.tgz 1419ms (cache miss)
378 timing reifyNode:node_modules/readable-stream Completed in 1548ms
379 http fetch GET 200 https://registry.npmjs.org/uri-js/-/uri-js-4.4.1.tgz 1506ms (cache miss)
380 timing reifyNode:node_modules/uri-js Completed in 1685ms
381 http fetch GET 200 https://registry.npmjs.org/@types/node/-/node-17.0.35.tgz 1675ms (cache miss)
382 timing reifyNode:node_modules/@types/node Completed in 1927ms
383 http fetch GET 200 https://registry.npmjs.org/@angular-devkit/schematics/-/schematics-13.3.6.tgz 1917ms (cache miss)
384 timing reifyNode:node_modules/@angular-devkit/schematics Completed in 2164ms
385 http fetch GET 200 https://registry.npmjs.org/@angular-devkit/core/-/core-13.3.6.tgz 2009ms (cache miss)
386 timing reifyNode:node_modules/@angular-devkit/core Completed in 2262ms
387 http fetch GET 200 https://registry.npmjs.org/@schematics/angular/-/angular-13.3.6.tgz 2451ms (cache miss)
388 timing reifyNode:node_modules/@schematics/angular Completed in 2694ms
389 http fetch GET 200 https://registry.npmjs.org/ajv/-/ajv-8.9.0.tgz 3018ms (cache miss)
390 timing reifyNode:node_modules/ajv Completed in 3252ms
391 http fetch GET 200 https://registry.npmjs.org/typescript/-/typescript-4.6.4.tgz 4002ms (cache miss)
392 timing reifyNode:node_modules/typescript Completed in 4232ms
393 http fetch GET 200 https://registry.npmjs.org/rxjs/-/rxjs-6.6.7.tgz 7042ms (cache miss)
394 timing reifyNode:node_modules/rxjs Completed in 7253ms
395 timing reify:unpack Completed in 7255ms
396 timing reify:unretire Completed in 1ms
397 timing build:queue Completed in 4ms
398 timing build:link:node_modules/typescript Completed in 7ms
399 timing build:link Completed in 8ms
400 timing build:deps Completed in 12ms
401 timing build Completed in 12ms
402 timing reify:build Completed in 13ms
403 timing reify:trash Completed in 0ms
404 timing reify:save Completed in 11ms
405 timing reify Completed in 10645ms
406 silly ADD node_modules/clone
407 silly ADD node_modules/defaults
408 silly ADD node_modules/punycode
409 silly ADD node_modules/has-flag
410 silly ADD node_modules/ansi-regex
411 silly ADD node_modules/safe-buffer
412 silly ADD node_modules/tslib
413 silly ADD node_modules/mimic-fn
414 silly ADD node_modules/signal-exit
415 silly ADD node_modules/onetime
416 silly ADD node_modules/util-deprecate
417 silly ADD node_modules/string_decoder
418 silly ADD node_modules/color-name
419 silly ADD node_modules/restore-cursor
420 silly ADD node_modules/color-convert
421 silly ADD node_modules/supports-color
422 silly ADD node_modules/ansi-styles
423 silly ADD node_modules/ieee754
424 silly ADD node_modules/base64-js
425 silly ADD node_modules/readable-stream
426 silly ADD node_modules/inherits
427 silly ADD node_modules/buffer
428 silly ADD node_modules/wcwidth
429 silly ADD node_modules/strip-ansi
430 silly ADD node_modules/log-symbols
431 silly ADD node_modules/is-unicode-supported
432 silly ADD node_modules/is-interactive
433 silly ADD node_modules/cli-spinners
434 silly ADD node_modules/cli-cursor
435 silly ADD node_modules/chalk
436 silly ADD node_modules/bl
437 silly ADD node_modules/sourcemap-codec
438 silly ADD node_modules/uri-js
439 silly ADD node_modules/require-from-string
440 silly ADD node_modules/json-schema-traverse
441 silly ADD node_modules/fast-deep-equal
442 silly ADD node_modules/ora
443 silly ADD node_modules/source-map
444 silly ADD node_modules/rxjs
445 silly ADD node_modules/magic-string
446 silly ADD node_modules/fast-json-stable-stringify
447 silly ADD node_modules/ajv-formats
448 silly ADD node_modules/ajv
449 silly ADD node_modules/typescript
450 silly ADD node_modules/jsonc-parser
451 silly ADD node_modules/@types/node
452 silly ADD node_modules/@schematics/angular
453 silly ADD node_modules/@angular-devkit/schematics
454 silly ADD node_modules/@angular-devkit/core
455 timing command:install Completed in 10658ms
456 notice
456 notice New [33mminor[39m version of npm available! [31m8.5.5[39m -> [32m8.10.0[39m
456 notice Changelog: [36mhttps://github.com/npm/cli/releases/tag/v8.10.0[39m
456 notice Run [32mnpm install -g npm@8.10.0[39m to update!
456 notice
457 verbose exit 0
458 timing npm Completed in 11048ms
459 info ok
