0 verbose cli [
0 verbose cli   'C:\\Program Files\\nodejs\\node.exe',
0 verbose cli   'C:\\Program Files\\nodejs\\node_modules\\npm\\bin\\npm-cli.js',
0 verbose cli   'i',
0 verbose cli   '--offline'
0 verbose cli ]
1 info using npm@8.5.5
2 info using node@v16.15.0
3 timing npm:load:whichnode Completed in 0ms
4 timing config:load:defaults Completed in 2ms
5 timing config:load:file:C:\Program Files\nodejs\node_modules\npm\npmrc Completed in 3ms
6 timing config:load:builtin Completed in 3ms
7 timing config:load:cli Completed in 2ms
8 timing config:load:env Completed in 0ms
9 timing config:load:file:C:\Users\jpsti\Desktop\Work\Projects\offline-platform\.npmrc Completed in 0ms
10 timing config:load:project Completed in 6ms
11 timing config:load:file:C:\Users\jpsti\.npmrc Completed in 1ms
12 timing config:load:user Completed in 1ms
13 timing config:load:file:C:\Users\jpsti\AppData\Roaming\npm\etc\npmrc Completed in 0ms
14 timing config:load:global Completed in 0ms
15 timing config:load:validate Completed in 0ms
16 timing config:load:credentials Completed in 1ms
17 timing config:load:setEnvs Completed in 1ms
18 timing config:load Completed in 16ms
19 timing npm:load:configload Completed in 16ms
20 timing npm:load:setTitle Completed in 1ms
21 timing config:load:flatten Completed in 2ms
22 timing npm:load:display Completed in 3ms
23 verbose logfile C:\Users\jpsti\Desktop\Work\Projects\offline-platform\node_cache\_logs\2022-05-20T17_33_26_172Z-debug-0.log
24 timing npm:load:logFile Completed in 10ms
25 timing npm:load:timers Completed in 0ms
26 timing npm:load:configScope Completed in 0ms
27 timing npm:load Completed in 31ms
28 timing arborist:ctor Completed in 1ms
29 timing idealTree:init Completed in 49ms
30 timing idealTree:userRequests Completed in 0ms
31 silly idealTree buildDeps
32 timing idealTree:#root Completed in 0ms
33 timing idealTree:buildDeps Completed in 1ms
34 timing idealTree:fixDepFlags Completed in 1ms
35 timing idealTree Completed in 52ms
36 timing reify:loadTrees Completed in 55ms
37 timing reify:diffTrees Completed in 2ms
38 silly reify moves {}
39 timing reify:retireShallow Completed in 0ms
40 timing reify:createSparse Completed in 23ms
41 timing reify:loadBundles Completed in 0ms
42 silly audit report null
43 timing reify:audit Completed in 3ms
44 timing reifyNode:node_modules/require-from-string Completed in 590ms
45 timing reifyNode:node_modules/color-name Completed in 590ms
46 timing reifyNode:node_modules/string_decoder Completed in 599ms
47 timing reifyNode:node_modules/supports-color Completed in 603ms
48 timing reifyNode:node_modules/strip-ansi Completed in 603ms
49 timing reifyNode:node_modules/restore-cursor Completed in 603ms
50 timing reifyNode:node_modules/signal-exit Completed in 604ms
51 timing reifyNode:node_modules/onetime Completed in 603ms
52 timing reifyNode:node_modules/mimic-fn Completed in 604ms
53 timing reifyNode:node_modules/is-unicode-supported Completed in 604ms
54 timing reifyNode:node_modules/is-interactive Completed in 604ms
55 timing reifyNode:node_modules/inherits Completed in 604ms
56 timing reifyNode:node_modules/ieee754 Completed in 604ms
57 timing reifyNode:node_modules/has-flag Completed in 605ms
58 timing reifyNode:node_modules/cli-cursor Completed in 604ms
59 timing reifyNode:node_modules/ansi-regex Completed in 605ms
60 timing reifyNode:node_modules/ora Completed in 608ms
61 timing reifyNode:node_modules/ansi-styles Completed in 608ms
62 timing reifyNode:node_modules/safe-buffer Completed in 611ms
63 timing reifyNode:node_modules/punycode Completed in 611ms
64 timing reifyNode:node_modules/util-deprecate Completed in 616ms
65 timing reifyNode:node_modules/log-symbols Completed in 614ms
66 timing reifyNode:node_modules/clone Completed in 615ms
67 timing reifyNode:node_modules/defaults Completed in 615ms
68 timing reifyNode:node_modules/base64-js Completed in 615ms
69 timing reifyNode:node_modules/cli-spinners Completed in 617ms
70 timing reifyNode:node_modules/color-convert Completed in 625ms
71 timing reifyNode:node_modules/buffer Completed in 625ms
72 timing reifyNode:node_modules/chalk Completed in 627ms
73 timing reifyNode:node_modules/wcwidth Completed in 638ms
74 timing reifyNode:node_modules/sourcemap-codec Completed in 639ms
75 timing reifyNode:node_modules/bl Completed in 646ms
76 timing reifyNode:node_modules/fast-deep-equal Completed in 649ms
77 timing reifyNode:node_modules/tslib Completed in 659ms
78 timing reifyNode:node_modules/json-schema-traverse Completed in 659ms
79 timing reifyNode:node_modules/ajv-formats Completed in 670ms
80 timing reifyNode:node_modules/magic-string Completed in 674ms
81 timing reifyNode:node_modules/fast-json-stable-stringify Completed in 681ms
82 timing reifyNode:node_modules/jsonc-parser Completed in 693ms
83 timing reifyNode:node_modules/source-map Completed in 698ms
84 timing reifyNode:node_modules/readable-stream Completed in 705ms
85 timing reifyNode:node_modules/uri-js Completed in 773ms
86 timing reifyNode:node_modules/@types/node Completed in 849ms
87 timing reifyNode:node_modules/@angular-devkit/schematics Completed in 939ms
88 timing reifyNode:node_modules/@angular-devkit/core Completed in 989ms
89 timing reifyNode:node_modules/@schematics/angular Completed in 1303ms
90 timing reifyNode:node_modules/ajv Completed in 1535ms
91 timing reifyNode:node_modules/typescript Completed in 2026ms
92 timing reifyNode:node_modules/rxjs Completed in 4755ms
93 timing reify:unpack Completed in 4756ms
94 timing reify:unretire Completed in 1ms
95 timing build:queue Completed in 2ms
96 timing build:link:node_modules/typescript Completed in 7ms
97 timing build:link Completed in 7ms
98 timing build:deps Completed in 9ms
99 timing build Completed in 9ms
100 timing reify:build Completed in 9ms
101 timing reify:trash Completed in 0ms
102 timing reify:save Completed in 11ms
103 timing reify Completed in 4872ms
104 silly ADD node_modules/wcwidth
105 silly ADD node_modules/util-deprecate
106 silly ADD node_modules/uri-js
107 silly ADD node_modules/typescript
108 silly ADD node_modules/tslib
109 silly ADD node_modules/supports-color
110 silly ADD node_modules/strip-ansi
111 silly ADD node_modules/string_decoder
112 silly ADD node_modules/sourcemap-codec
113 silly ADD node_modules/source-map
114 silly ADD node_modules/signal-exit
115 silly ADD node_modules/safe-buffer
116 silly ADD node_modules/rxjs
117 silly ADD node_modules/restore-cursor
118 silly ADD node_modules/require-from-string
119 silly ADD node_modules/readable-stream
120 silly ADD node_modules/punycode
121 silly ADD node_modules/ora
122 silly ADD node_modules/onetime
123 silly ADD node_modules/mimic-fn
124 silly ADD node_modules/magic-string
125 silly ADD node_modules/log-symbols
126 silly ADD node_modules/jsonc-parser
127 silly ADD node_modules/json-schema-traverse
128 silly ADD node_modules/is-unicode-supported
129 silly ADD node_modules/is-interactive
130 silly ADD node_modules/inherits
131 silly ADD node_modules/ieee754
132 silly ADD node_modules/has-flag
133 silly ADD node_modules/fast-json-stable-stringify
134 silly ADD node_modules/fast-deep-equal
135 silly ADD node_modules/defaults
136 silly ADD node_modules/color-name
137 silly ADD node_modules/color-convert
138 silly ADD node_modules/clone
139 silly ADD node_modules/cli-spinners
140 silly ADD node_modules/cli-cursor
141 silly ADD node_modules/chalk
142 silly ADD node_modules/buffer
143 silly ADD node_modules/bl
144 silly ADD node_modules/base64-js
145 silly ADD node_modules/ansi-styles
146 silly ADD node_modules/ansi-regex
147 silly ADD node_modules/ajv-formats
148 silly ADD node_modules/ajv
149 silly ADD node_modules/@types/node
150 silly ADD node_modules/@schematics/angular
151 silly ADD node_modules/@angular-devkit/schematics
152 silly ADD node_modules/@angular-devkit/core
153 timing command:i Completed in 4886ms
154 verbose exit 0
155 timing npm Completed in 5224ms
156 info ok
