0 verbose cli [
0 verbose cli   'C:\\Program Files\\nodejs\\node.exe',
0 verbose cli   'C:\\Program Files\\nodejs\\node_modules\\npm\\bin\\npm-cli.js',
0 verbose cli   'i',
0 verbose cli   '@angular-devkit/core',
0 verbose cli   '@angular-devkit/schematics',
0 verbose cli   '@schematics/angular',
0 verbose cli   'typescript'
0 verbose cli ]
1 info using npm@8.5.5
2 info using node@v16.15.0
3 timing npm:load:whichnode Completed in 0ms
4 timing config:load:defaults Completed in 1ms
5 timing config:load:file:C:\Program Files\nodejs\node_modules\npm\npmrc Completed in 5ms
6 timing config:load:builtin Completed in 5ms
7 timing config:load:cli Completed in 2ms
8 timing config:load:env Completed in 0ms
9 timing config:load:file:C:\Users\jpsti\Desktop\Work\Projects\offline-platform\.npmrc Completed in 1ms
10 timing config:load:project Completed in 5ms
11 timing config:load:file:C:\Users\jpsti\.npmrc Completed in 1ms
12 timing config:load:user Completed in 1ms
13 timing config:load:file:C:\Users\jpsti\AppData\Roaming\npm\etc\npmrc Completed in 0ms
14 timing config:load:global Completed in 0ms
15 timing config:load:validate Completed in 1ms
16 timing config:load:credentials Completed in 0ms
17 timing config:load:setEnvs Completed in 1ms
18 timing config:load Completed in 16ms
19 timing npm:load:configload Completed in 17ms
20 timing npm:load:setTitle Completed in 1ms
21 timing config:load:flatten Completed in 3ms
22 timing npm:load:display Completed in 4ms
23 verbose logfile C:\Users\jpsti\Desktop\Work\Projects\offline-platform\node_cache\_logs\2022-05-20T17_33_57_571Z-debug-0.log
24 timing npm:load:logFile Completed in 8ms
25 timing npm:load:timers Completed in 0ms
26 timing npm:load:configScope Completed in 0ms
27 timing npm:load Completed in 31ms
28 timing arborist:ctor Completed in 0ms
29 timing idealTree:init Completed in 49ms
30 timing idealTree:userRequests Completed in 2ms
31 silly idealTree buildDeps
32 silly fetch manifest @angular-devkit/core@^13.3.0
33 timing arborist:ctor Completed in 0ms
34 http fetch GET 200 https://registry.npmjs.org/@angular-devkit%2fcore 45ms (cache hit)
35 silly fetch manifest chokidar@^3.5.2
36 http fetch GET 200 https://registry.npmjs.org/chokidar 11ms (cache hit)
37 silly fetch manifest @angular-devkit/schematics@^13.3.0
38 http fetch GET 200 https://registry.npmjs.org/@angular-devkit%2fschematics 10ms (cache hit)
39 silly fetch manifest @schematics/angular@^13.3.0
40 http fetch GET 200 https://registry.npmjs.org/@schematics%2fangular 10ms (cache hit)
41 silly fetch manifest typescript@^4.6.2
42 http fetch GET 200 https://registry.npmjs.org/typescript 19ms (cache hit)
43 silly placeDep ROOT @angular-devkit/core@13.3.6 REPLACE for: platform@0.0.0 want: ^13.3.0
44 silly placeDep ROOT @angular-devkit/schematics@13.3.6 REPLACE for: platform@0.0.0 want: ^13.3.0
45 silly placeDep ROOT @schematics/angular@13.3.6 REPLACE for: platform@0.0.0 want: ^13.3.0
46 silly placeDep ROOT typescript@4.6.4 REPLACE for: platform@0.0.0 want: ^4.6.2
47 timing idealTree:#root Completed in 154ms
48 timing idealTree:node_modules/@angular-devkit/core Completed in 0ms
49 timing idealTree:node_modules/@angular-devkit/schematics Completed in 0ms
50 timing idealTree:node_modules/@schematics/angular Completed in 0ms
51 timing idealTree:node_modules/typescript Completed in 0ms
52 timing idealTree:buildDeps Completed in 155ms
53 timing idealTree:fixDepFlags Completed in 4ms
54 timing idealTree Completed in 213ms
55 timing reify:loadTrees Completed in 213ms
56 timing reify:diffTrees Completed in 3ms
57 silly reify moves {}
58 timing reify:retireShallow Completed in 0ms
59 timing reify:createSparse Completed in 0ms
60 timing reify:loadBundles Completed in 0ms
61 silly audit bulk request {
61 silly audit   '@types/node': [ '17.0.35' ],
61 silly audit   ajv: [ '8.9.0' ],
61 silly audit   'ajv-formats': [ '2.1.1' ],
61 silly audit   'ansi-regex': [ '5.0.1' ],
61 silly audit   'ansi-styles': [ '4.3.0' ],
61 silly audit   'base64-js': [ '1.5.1' ],
61 silly audit   bl: [ '4.1.0' ],
61 silly audit   buffer: [ '5.7.1' ],
61 silly audit   chalk: [ '4.1.2' ],
61 silly audit   'cli-cursor': [ '3.1.0' ],
61 silly audit   'cli-spinners': [ '2.6.1' ],
61 silly audit   clone: [ '1.0.4' ],
61 silly audit   'color-convert': [ '2.0.1' ],
61 silly audit   'color-name': [ '1.1.4' ],
61 silly audit   defaults: [ '1.0.3' ],
61 silly audit   'fast-deep-equal': [ '3.1.3' ],
61 silly audit   'fast-json-stable-stringify': [ '2.1.0' ],
61 silly audit   'has-flag': [ '4.0.0' ],
61 silly audit   ieee754: [ '1.2.1' ],
61 silly audit   inherits: [ '2.0.4' ],
61 silly audit   'is-interactive': [ '1.0.0' ],
61 silly audit   'is-unicode-supported': [ '0.1.0' ],
61 silly audit   'json-schema-traverse': [ '1.0.0' ],
61 silly audit   'jsonc-parser': [ '3.0.0' ],
61 silly audit   'log-symbols': [ '4.1.0' ],
61 silly audit   'magic-string': [ '0.25.7' ],
61 silly audit   'mimic-fn': [ '2.1.0' ],
61 silly audit   onetime: [ '5.1.2' ],
61 silly audit   ora: [ '5.4.1' ],
61 silly audit   punycode: [ '2.1.1' ],
61 silly audit   'readable-stream': [ '3.6.0' ],
61 silly audit   'require-from-string': [ '2.0.2' ],
61 silly audit   'restore-cursor': [ '3.1.0' ],
61 silly audit   rxjs: [ '6.6.7' ],
61 silly audit   'safe-buffer': [ '5.2.1' ],
61 silly audit   'signal-exit': [ '3.0.7' ],
61 silly audit   'source-map': [ '0.7.3' ],
61 silly audit   'sourcemap-codec': [ '1.4.8' ],
61 silly audit   string_decoder: [ '1.3.0' ],
61 silly audit   'strip-ansi': [ '6.0.1' ],
61 silly audit   'supports-color': [ '7.2.0' ],
61 silly audit   tslib: [ '1.14.1' ],
61 silly audit   'uri-js': [ '4.4.1' ],
61 silly audit   'util-deprecate': [ '1.0.2' ],
61 silly audit   wcwidth: [ '1.0.1' ],
61 silly audit   '@angular-devkit/core': [ '13.3.6' ],
61 silly audit   '@angular-devkit/schematics': [ '13.3.6' ],
61 silly audit   '@schematics/angular': [ '13.3.6' ],
61 silly audit   typescript: [ '4.6.4' ]
61 silly audit }
62 timing reify:unpack Completed in 1ms
63 timing reify:unretire Completed in 0ms
64 timing build:queue Completed in 0ms
65 timing build:deps Completed in 1ms
66 timing build Completed in 1ms
67 timing reify:build Completed in 2ms
68 timing reify:trash Completed in 0ms
69 timing reify:save Completed in 16ms
70 http fetch POST 200 https://registry.npmjs.org/-/npm/v1/security/advisories/bulk 347ms
71 timing auditReport:getReport Completed in 349ms
72 silly audit report {}
73 timing auditReport:init Completed in 1ms
74 timing reify:audit Completed in 350ms
75 timing reify Completed in 574ms
76 timing command:i Completed in 581ms
77 verbose exit 0
78 timing npm Completed in 925ms
79 info ok
