0 verbose cli C:\Program Files\nodejs\node.exe C:\Users\jpsti\AppData\Roaming\npm\node_modules\npm\bin\npm-cli.js
1 info using npm@8.12.1
2 info using node@v16.15.1
3 timing npm:load:whichnode Completed in 0ms
4 timing config:load:defaults Completed in 1ms
5 timing config:load:file:C:\Users\jpsti\AppData\Roaming\npm\node_modules\npm\npmrc Completed in 3ms
6 timing config:load:builtin Completed in 3ms
7 timing config:load:cli Completed in 1ms
8 timing config:load:env Completed in 1ms
9 timing config:load:file:C:\Users\jpsti\Desktop\Work\Projects\update\.npmrc Completed in 0ms
10 timing config:load:project Completed in 3ms
11 timing config:load:file:C:\Users\jpsti\.npmrc Completed in 0ms
12 timing config:load:user Completed in 0ms
13 timing config:load:file:C:\Users\jpsti\AppData\Roaming\npm\etc\npmrc Completed in 0ms
14 timing config:load:global Completed in 0ms
15 timing config:load:validate Completed in 0ms
16 timing config:load:credentials Completed in 1ms
17 timing config:load:setEnvs Completed in 1ms
18 timing config:load Completed in 11ms
19 timing npm:load:configload Completed in 11ms
20 timing npm:load:mkdirpcache Completed in 1ms
21 timing npm:load:mkdirplogs Completed in 0ms
22 verbose title npm i
23 verbose argv "i" "--offline"
24 timing npm:load:setTitle Completed in 1ms
25 timing config:load:flatten Completed in 3ms
26 timing npm:load:display Completed in 4ms
27 verbose logfile logs-max:10 dir:C:\Users\jpsti\Desktop\Work\Projects\update\node_cache\_logs
28 verbose logfile C:\Users\jpsti\Desktop\Work\Projects\update\node_cache\_logs\2022-06-09T17_14_18_449Z-debug-0.log
29 timing npm:load:logFile Completed in 7ms
30 timing npm:load:timers Completed in 1ms
31 timing npm:load:configScope Completed in 0ms
32 timing npm:load Completed in 25ms
33 timing arborist:ctor Completed in 0ms
34 silly logfile done cleaning log files
35 timing idealTree:init Completed in 613ms
36 timing idealTree:userRequests Completed in 0ms
37 silly idealTree buildDeps
38 timing idealTree:#root Completed in 1ms
39 silly fetch manifest @angular/cdk@^13.0.0
40 http fetch GET 200 https://registry.npmjs.org/@angular%2fcdk 22ms (cache stale)
41 silly fetch manifest @angular/common@^13.0.0
42 http fetch GET 200 https://registry.npmjs.org/@angular%2fcommon 10ms (cache stale)
43 silly fetch manifest @angular/core@^13.0.0
44 http fetch GET 200 https://registry.npmjs.org/@angular%2fcore 9ms (cache stale)
45 silly fetch manifest rxjs@^6.5.3 || ^7.4.0
46 http fetch GET 200 https://registry.npmjs.org/rxjs 8ms (cache stale)
47 silly fetch manifest zone.js@~0.11.4
48 http fetch GET 200 https://registry.npmjs.org/zone.js 7ms (cache stale)
49 silly fetch manifest @angular/platform-browser@^13.0.0
50 http fetch GET 200 https://registry.npmjs.org/@angular%2fplatform-browser 7ms (cache stale)
51 silly fetch manifest @angular/animations@13.3.11
52 http fetch GET 200 https://registry.npmjs.org/@angular%2fanimations 7ms (cache stale)
53 timing idealTree Completed in 741ms
54 timing command:i Completed in 752ms
55 verbose stack Error: could not resolve
55 verbose stack     at PlaceDep.failPeerConflict (C:\Users\jpsti\AppData\Roaming\npm\node_modules\npm\node_modules\@npmcli\arborist\lib\place-dep.js:549:25)
55 verbose stack     at PlaceDep.place (C:\Users\jpsti\AppData\Roaming\npm\node_modules\npm\node_modules\@npmcli\arborist\lib\place-dep.js:199:21)
55 verbose stack     at new PlaceDep (C:\Users\jpsti\AppData\Roaming\npm\node_modules\npm\node_modules\@npmcli\arborist\lib\place-dep.js:73:10)
55 verbose stack     at C:\Users\jpsti\AppData\Roaming\npm\node_modules\npm\node_modules\@npmcli\arborist\lib\arborist\build-ideal-tree.js:990:31
55 verbose stack     at Array.map (<anonymous>)
55 verbose stack     at Arborist.[buildDepStep] (C:\Users\jpsti\AppData\Roaming\npm\node_modules\npm\node_modules\@npmcli\arborist\lib\arborist\build-ideal-tree.js:990:8)
55 verbose stack     at async Arborist.buildIdealTree (C:\Users\jpsti\AppData\Roaming\npm\node_modules\npm\node_modules\@npmcli\arborist\lib\arborist\build-ideal-tree.js:218:7)
55 verbose stack     at async Promise.all (index 1)
55 verbose stack     at async Arborist.reify (C:\Users\jpsti\AppData\Roaming\npm\node_modules\npm\node_modules\@npmcli\arborist\lib\arborist\reify.js:153:5)
55 verbose stack     at async Install.exec (C:\Users\jpsti\AppData\Roaming\npm\node_modules\npm\lib\commands\install.js:156:5)
56 verbose cwd C:\Users\jpsti\Desktop\Work\Projects\update
57 verbose Windows_NT 10.0.22621
58 verbose node v16.15.1
59 verbose npm  v8.12.1
60 error code ERESOLVE
61 error ERESOLVE could not resolve
62 error
63 error While resolving: [1m@angular/flex-layout[22m@[1m13.0.0-beta.38[22m
63 error Found: [1m@angular/cdk[22m@[1m14.0.1[22m[2m[22m
63 error [2mnode_modules/@angular/cdk[22m
63 error   [1m@angular/cdk[22m@"[1m^14.0.1[22m" from the root project
63 error   [35mpeer[39m [1m@angular/cdk[22m@"[1m14.0.1[22m" from [1m@angular/material[22m@[1m14.0.1[22m[2m[22m
63 error   [2mnode_modules/@angular/material[22m
63 error     [1m@angular/material[22m@"[1m^14.0.1[22m" from the root project
63 error
63 error Could not resolve dependency:
63 error [35mpeer[39m [1m@angular/cdk[22m@"[1m^13.0.0[22m" from [1m@angular/flex-layout[22m@[1m13.0.0-beta.38[22m[2m[22m
63 error [2mnode_modules/@angular/flex-layout[22m
63 error   [1m@angular/flex-layout[22m@"[1m^13.0.0-beta.38[22m" from the root project
63 error
63 error Conflicting peer dependency: [1m@angular/cdk[22m@[1m13.3.9[22m[2m[22m
63 error [2mnode_modules/@angular/cdk[22m
63 error   [35mpeer[39m [1m@angular/cdk[22m@"[1m^13.0.0[22m" from [1m@angular/flex-layout[22m@[1m13.0.0-beta.38[22m[2m[22m
63 error   [2mnode_modules/@angular/flex-layout[22m
63 error     [1m@angular/flex-layout[22m@"[1m^13.0.0-beta.38[22m" from the root project
63 error
63 error Fix the upstream dependency conflict, or retry
63 error this command with --force, or --legacy-peer-deps
63 error to accept an incorrect (and potentially broken) dependency resolution.
63 error
63 error See C:\Users\jpsti\Desktop\Work\Projects\update\node_cache\eresolve-report.txt for a full report.
64 verbose exit 1
65 timing npm Completed in 887ms
66 verbose unfinished npm timer reify 1654794858568
67 verbose unfinished npm timer reify:loadTrees 1654794858575
68 verbose unfinished npm timer idealTree:buildDeps 1654794859189
69 verbose unfinished npm timer idealTree:node_modules/@angular/flex-layout 1654794859191
70 verbose code 1
71 error A complete log of this run can be found in:
71 error     C:\Users\jpsti\Desktop\Work\Projects\update\node_cache\_logs\2022-06-09T17_14_18_449Z-debug-0.log
