0 verbose cli C:\Program Files\nodejs\node.exe C:\Users\jpsti\AppData\Roaming\npm\node_modules\npm\bin\npm-cli.js
1 info using npm@8.13.2
2 info using node@v16.15.1
3 timing npm:load:whichnode Completed in 0ms
4 timing config:load:defaults Completed in 1ms
5 timing config:load:file:C:\Users\jpsti\AppData\Roaming\npm\node_modules\npm\npmrc Completed in 2ms
6 timing config:load:builtin Completed in 3ms
7 timing config:load:cli Completed in 1ms
8 timing config:load:env Completed in 1ms
9 timing config:load:file:c:\Users\jpsti\Desktop\Work\Projects\offline-platform\src\workspace\files\.npmrc Completed in 1ms
10 timing config:load:project Completed in 5ms
11 timing config:load:file:C:\Users\jpsti\.npmrc Completed in 0ms
12 timing config:load:user Completed in 1ms
13 timing config:load:file:C:\Users\jpsti\AppData\Roaming\npm\etc\npmrc Completed in 0ms
14 timing config:load:global Completed in 0ms
15 timing config:load:validate Completed in 0ms
16 timing config:load:credentials Completed in 1ms
17 timing config:load:setEnvs Completed in 1ms
18 timing config:load Completed in 15ms
19 timing npm:load:configload Completed in 16ms
20 timing npm:load:mkdirpcache Completed in 0ms
21 timing npm:load:mkdirplogs Completed in 0ms
22 verbose title npm view @fortawesome/fontawesome-free description dist-tags.latest homepage version
23 verbose argv "view" "--json" "@fortawesome/fontawesome-free" "description" "dist-tags.latest" "homepage" "version"
24 timing npm:load:setTitle Completed in 1ms
25 timing config:load:flatten Completed in 3ms
26 timing npm:load:display Completed in 4ms
27 verbose logfile logs-max:10 dir:c:\Users\jpsti\Desktop\Work\Projects\offline-platform\src\workspace\files\node_cache\_logs
28 verbose logfile c:\Users\jpsti\Desktop\Work\Projects\offline-platform\src\workspace\files\node_cache\_logs\2022-07-05T17_43_44_098Z-debug-0.log
29 timing npm:load:logFile Completed in 9ms
30 timing npm:load:timers Completed in 0ms
31 timing npm:load:configScope Completed in 0ms
32 timing npm:load Completed in 31ms
33 silly logfile done cleaning log files
34 http fetch GET 200 https://registry.npmjs.org/@fortawesome%2ffontawesome-free 358ms (cache miss)
35 timing command:view Completed in 379ms
36 verbose exit 0
37 timing npm Completed in 429ms
38 info ok
