0 verbose cli C:\Program Files\nodejs\node.exe C:\Users\jpsti\AppData\Roaming\npm\node_modules\npm\bin\npm-cli.js
1 info using npm@8.12.1
2 info using node@v16.15.1
3 timing npm:load:whichnode Completed in 0ms
4 timing config:load:defaults Completed in 2ms
5 timing config:load:file:C:\Users\jpsti\AppData\Roaming\npm\node_modules\npm\npmrc Completed in 2ms
6 timing config:load:builtin Completed in 2ms
7 timing config:load:cli Completed in 1ms
8 timing config:load:env Completed in 0ms
9 timing config:load:file:c:\Users\jpsti\Desktop\Work\Projects\update\.npmrc Completed in 1ms
10 timing config:load:project Completed in 3ms
11 timing config:load:file:C:\Users\jpsti\.npmrc Completed in 0ms
12 timing config:load:user Completed in 0ms
13 timing config:load:file:C:\Users\jpsti\AppData\Roaming\npm\etc\npmrc Completed in 1ms
14 timing config:load:global Completed in 1ms
15 timing config:load:validate Completed in 0ms
16 timing config:load:credentials Completed in 1ms
17 timing config:load:setEnvs Completed in 0ms
18 timing config:load Completed in 11ms
19 timing npm:load:configload Completed in 11ms
20 timing npm:load:mkdirpcache Completed in 1ms
21 timing npm:load:mkdirplogs Completed in 1ms
22 verbose title npm view esbuild-windows-64 description dist-tags.latest homepage version
23 verbose argv "view" "--json" "esbuild-windows-64" "description" "dist-tags.latest" "homepage" "version"
24 timing npm:load:setTitle Completed in 1ms
25 timing config:load:flatten Completed in 2ms
26 timing npm:load:display Completed in 3ms
27 verbose logfile logs-max:10 dir:c:\Users\jpsti\Desktop\Work\Projects\update\node_cache\_logs
28 verbose logfile c:\Users\jpsti\Desktop\Work\Projects\update\node_cache\_logs\2022-06-09T17_17_46_034Z-debug-0.log
29 timing npm:load:logFile Completed in 8ms
30 timing npm:load:timers Completed in 0ms
31 timing npm:load:configScope Completed in 0ms
32 timing npm:load Completed in 25ms
33 silly logfile start cleaning logs, removing 1 files
34 silly logfile done cleaning log files
35 timing command:view Completed in 70050ms
36 verbose type system
37 verbose stack FetchError: request to https://registry.npmjs.org/esbuild-windows-64 failed, reason: getaddrinfo ENOTFOUND registry.npmjs.org
37 verbose stack     at ClientRequest.<anonymous> (C:\Users\jpsti\AppData\Roaming\npm\node_modules\npm\node_modules\minipass-fetch\lib\index.js:130:14)
37 verbose stack     at ClientRequest.emit (node:events:527:28)
37 verbose stack     at TLSSocket.socketErrorListener (node:_http_client:454:9)
37 verbose stack     at TLSSocket.emit (node:events:539:35)
37 verbose stack     at emitErrorNT (node:internal/streams/destroy:157:8)
37 verbose stack     at emitErrorCloseNT (node:internal/streams/destroy:122:3)
37 verbose stack     at processTicksAndRejections (node:internal/process/task_queues:83:21)
38 verbose cwd c:\Users\jpsti\Desktop\Work\Projects\update
39 verbose Windows_NT 10.0.22621
40 verbose node v16.15.1
41 verbose npm  v8.12.1
42 error code ENOTFOUND
43 error syscall getaddrinfo
44 error errno ENOTFOUND
45 error network request to https://registry.npmjs.org/esbuild-windows-64 failed, reason: getaddrinfo ENOTFOUND registry.npmjs.org
46 error network This is a problem related to network connectivity.
46 error network In most cases you are behind a proxy or have bad network settings.
46 error network
46 error network If you are behind a proxy, please make sure that the
46 error network 'proxy' config is set properly.  See: 'npm help config'
47 verbose exit 1
48 timing npm Completed in 70091ms
49 verbose code 1
50 error A complete log of this run can be found in:
50 error     c:\Users\jpsti\Desktop\Work\Projects\update\node_cache\_logs\2022-06-09T17_17_46_034Z-debug-0.log
