0 verbose cli [
0 verbose cli   'C:\\Program Files\\nodejs\\node.exe',
0 verbose cli   'C:\\Program Files\\nodejs\\node_modules\\npm\\bin\\npm-cli.js',
0 verbose cli   'view',
0 verbose cli   '--json',
0 verbose cli   '@angular/platform-browser-dynamic',
0 verbose cli   'description',
0 verbose cli   'dist-tags.latest',
0 verbose cli   'homepage',
0 verbose cli   'version'
0 verbose cli ]
1 info using npm@8.5.5
2 info using node@v16.15.0
3 timing npm:load:whichnode Completed in 0ms
4 timing config:load:defaults Completed in 2ms
5 timing config:load:file:C:\Program Files\nodejs\node_modules\npm\npmrc Completed in 3ms
6 timing config:load:builtin Completed in 4ms
7 timing config:load:cli Completed in 2ms
8 timing config:load:env Completed in 0ms
9 timing config:load:file:c:\Users\jpsti\Desktop\Work\Projects\offline-platform\src\workspace\files\.npmrc Completed in 1ms
10 timing config:load:project Completed in 9ms
11 timing config:load:file:C:\Users\jpsti\.npmrc Completed in 0ms
12 timing config:load:user Completed in 0ms
13 timing config:load:file:C:\Users\jpsti\AppData\Roaming\npm\etc\npmrc Completed in 0ms
14 timing config:load:global Completed in 0ms
15 timing config:load:validate Completed in 1ms
16 timing config:load:credentials Completed in 0ms
17 timing config:load:setEnvs Completed in 1ms
18 timing config:load Completed in 19ms
19 timing npm:load:configload Completed in 19ms
20 timing npm:load:setTitle Completed in 1ms
21 timing config:load:flatten Completed in 2ms
22 timing npm:load:display Completed in 3ms
23 verbose logfile c:\Users\jpsti\Desktop\Work\Projects\offline-platform\src\workspace\files\node_cache\_logs\2022-05-20T18_23_40_646Z-debug-0.log
24 timing npm:load:logFile Completed in 13ms
25 timing npm:load:timers Completed in 0ms
26 timing npm:load:configScope Completed in 0ms
27 timing npm:load Completed in 37ms
28 http fetch GET 200 https://registry.npmjs.org/npm 469ms (cache miss)
29 http fetch GET 200 https://registry.npmjs.org/@angular%2fplatform-browser-dynamic 788ms (cache miss)
30 timing command:view Completed in 833ms
31 notice
31 notice New minor version of npm available! 8.5.5 -> 8.10.0
31 notice Changelog: <https://github.com/npm/cli/releases/tag/v8.10.0>
31 notice Run `npm install -g npm@8.10.0` to update!
31 notice
32 verbose exit 0
33 timing npm Completed in 1102ms
34 info ok
